#
# A fatal error has been detected by the Java Runtime Environment:
#
#  SIGSEGV (0xb) at pc=0x0000000000000000, pid=1111, tid=0x0000000000010907
#
# JRE version: OpenJDK Runtime Environment (8.0_152-b01) (build 1.8.0_152-release-1343-b01)
# Java VM: OpenJDK 64-Bit Server VM (25.152-b01 mixed mode bsd-amd64 compressed oops)
# Problematic frame:
# C  0x0000000000000000
#
# Failed to write core dump. Core dumps have been disabled. To enable core dumping, try "ulimit -c unlimited" before starting Java again
#
# If you would like to submit a bug report, please visit:
#   http://bugreport.java.com/bugreport/crash.jsp
#

---------------  T H R E A D  ---------------

Current thread is native thread

siginfo: si_signo: 11 (SIGSEGV), si_code: 1 (SEGV_MAPERR), si_addr: 0x0000000000000000

Registers:
RAX=0x000000011d3f4508, RBX=0x00000000000161b0, RCX=0x0000000000000010, RDX=0xfffffffffffffff0
RSP=0x0000700005a7d9e8, RBP=0x0000700005a7da90, RSI=0x0000000000000000, RDI=0x00007ff7e3a03800
R8 =0x0000000000000200, R9 =0x00007ff7e1d71d30, R10=0x00007ff7e2995a28, R11=0x0000000000000370
R12=0x0000000000000200, R13=0x00007ff7e3a03800, R14=0x00007ff7e1d719c0, R15=0x0000000000000800
RIP=0x0000000000000000, EFLAGS=0x0000000000010246, ERR=0x0000000000000014
  TRAPNO=0x000000000000000e

Top of Stack: (sp=0x0000700005a7d9e8)
0x0000700005a7d9e8:   000000011d3c6639 00000001009cb000
0x0000700005a7d9f8:   0000000000000001 00007ff7e3a0b9b0
0x0000700005a7da08:   000000011a5e0010 00007ff7e3a099b0
0x0000700005a7da18:   00000200a354e50a 0000000000000000
0x0000700005a7da28:   0000000000000800 0000000000000200
0x0000700005a7da38:   00007ff7e3a079b0 00007ff7e3a03800
0x0000700005a7da48:   0000020000000000 0000000000000003
0x0000700005a7da58:   000000000000037f 2dd7a0c39a37000e
0x0000700005a7da68:   00007ff7e1c594d0 0000000000000200
0x0000700005a7da78:   00007ff7e1c593c8 00007ff7e1d719c0
0x0000700005a7da88:   00007ff7e1d71d30 0000700005a7daa0
0x0000700005a7da98:   000000011d3d62ef 0000700005a7db20
0x0000700005a7daa8:   000000011d41d1f9 00000001009cb000
0x0000700005a7dab8:   00007ff7e1c59548 00007ff7e2995800
0x0000700005a7dac8:   00007ff7e29959f8 00007ff7e1c594d0
0x0000700005a7dad8:   0000000000000001 0000700005a7dc58
0x0000700005a7dae8:   0000700005a7dc38 0000020000000000
0x0000700005a7daf8:   0000700005a7dc38 00007ff7e2995800
0x0000700005a7db08:   00007ff7e1c59350 00007ff7e1e7f530
0x0000700005a7db18:   0000000000000200 0000700005a7db70
0x0000700005a7db28:   000000011d52a084 0000700005a7dc10
0x0000700005a7db38:   0000700005a7dc58 0000000005a7db60
0x0000700005a7db48:   0000000000000000 00007ff7e2995800
0x0000700005a7db58:   0000000000000000 0000000000000200
0x0000700005a7db68:   00007ff7e1e7f530 0000700005a7dbe0
0x0000700005a7db78:   000000011d529d84 00007ff7e1e7f530
0x0000700005a7db88:   00007ff7e1c59350 0000700005a7dc38
0x0000700005a7db98:   00007ff7e1e7f530 00001fa038366d63
0x0000700005a7dba8:   0000700005a7dc58 00009fe000000000
0x0000700005a7dbb8:   00007ff7e2995800 00007ff7e1e7f530
0x0000700005a7dbc8:   00007ff7e1e59670 0000000000000200
0x0000700005a7dbd8:   0000000000000200 0000700005a7dcd0 

Instructions: (pc=0x0000000000000000)
0xffffffffffffffe0:   

Register to memory mapping:

RAX=0x000000011d3f4508: PlaybackBackend+0x20 in /var/folders/bn/k93dx67d2gxcq9dp7lvk90xh0000gn/T/libgdxdungle/f7649394/openal.dylib at 0x000000011d3ab000
RBX=0x00000000000161b0 is an unknown value
RCX=0x0000000000000010 is an unknown value
RDX=0xfffffffffffffff0 is an unknown value
RSP=0x0000700005a7d9e8 is an unknown value
RBP=0x0000700005a7da90 is an unknown value
RSI=0x0000000000000000 is an unknown value
RDI=0x00007ff7e3a03800 is an unknown value
R8 =0x0000000000000200 is an unknown value
R9 =0x00007ff7e1d71d30 is an unknown value
R10=0x00007ff7e2995a28 is an unknown value
R11=0x0000000000000370 is an unknown value
R12=0x0000000000000200 is an unknown value
R13=0x00007ff7e3a03800 is an unknown value
R14=0x00007ff7e1d719c0 is an unknown value
R15=0x0000000000000800 is an unknown value


Stack: [0x00007000059fe000,0x0000700005a7e000],  sp=0x0000700005a7d9e8,  free space=510k

---------------  P R O C E S S  ---------------

VM state:at safepoint (shutting down)

VM Mutex/Monitor currently owned by a thread:  ([mutex/lock_event])
[0x00007ff7e1d10670] Threads_lock - owner thread: 0x00007ff7e203d800

